<?xml version="1.0" encoding="UTF-8"?>
<!-- Generated by org.testng.reporters.JUnitXMLReporter -->
<testsuite hostname="DESKTOP-LTMRD99" ignored="0" name="Test" tests="6" failures="0" timestamp="16 Aug 2019 13:05:37 GMT" time="0.09" errors="0">
  <testcase name="personal5" time="0.019" classname="qaclickacademy.RestApiTest"/>
  <testcase name="personal6" time="0.0" classname="qaclickacademy.RestApiTest"/>
  <testcase name="personal1" time="0.001" classname="qaclickacademy.SeleniumJavaTest"/>
  <testcase name="personal2" time="0.0" classname="qaclickacademy.SeleniumJavaTest"/>
  <testcase name="personal3" time="0.0" classname="qaclickacademy.AppiumTest"/>
  <testcase name="personal4" time="0.0" classname="qaclickacademy.AppiumTest"/>
</testsuite> <!-- Test -->
