<?xml version="1.0" encoding="UTF-8"?>
<testng-results skipped="0" failed="0" ignored="0" total="6" passed="6">
  <reporter-output>
  </reporter-output>
  <suite name="Suite" duration-ms="90" started-at="2019-08-16T13:05:37Z" finished-at="2019-08-16T13:05:37Z">
    <groups>
    </groups>
    <test name="Test" duration-ms="90" started-at="2019-08-16T13:05:37Z" finished-at="2019-08-16T13:05:37Z">
      <class name="qaclickacademy.AppiumTest">
        <test-method status="PASS" signature="personal3()[pri:0, instance:qaclickacademy.AppiumTest@407d53]" name="personal3" duration-ms="0" started-at="2019-08-16T13:05:37Z" finished-at="2019-08-16T13:05:37Z">
          <reporter-output>
          </reporter-output>
        </test-method> <!-- personal3 -->
        <test-method status="PASS" signature="personal4()[pri:0, instance:qaclickacademy.AppiumTest@407d53]" name="personal4" duration-ms="0" started-at="2019-08-16T13:05:37Z" finished-at="2019-08-16T13:05:37Z">
          <reporter-output>
          </reporter-output>
        </test-method> <!-- personal4 -->
      </class> <!-- qaclickacademy.AppiumTest -->
      <class name="qaclickacademy.SeleniumJavaTest">
        <test-method status="PASS" signature="personal1()[pri:0, instance:qaclickacademy.SeleniumJavaTest@3498ed]" name="personal1" duration-ms="1" started-at="2019-08-16T13:05:37Z" finished-at="2019-08-16T13:05:37Z">
          <reporter-output>
          </reporter-output>
        </test-method> <!-- personal1 -->
        <test-method status="PASS" signature="personal2()[pri:0, instance:qaclickacademy.SeleniumJavaTest@3498ed]" name="personal2" duration-ms="0" started-at="2019-08-16T13:05:37Z" finished-at="2019-08-16T13:05:37Z">
          <reporter-output>
          </reporter-output>
        </test-method> <!-- personal2 -->
      </class> <!-- qaclickacademy.SeleniumJavaTest -->
      <class name="qaclickacademy.RestApiTest">
        <test-method status="PASS" signature="personal5()[pri:0, instance:qaclickacademy.RestApiTest@aa5eb0]" name="personal5" duration-ms="19" started-at="2019-08-16T13:05:37Z" finished-at="2019-08-16T13:05:37Z">
          <reporter-output>
          </reporter-output>
        </test-method> <!-- personal5 -->
        <test-method status="PASS" signature="personal6()[pri:0, instance:qaclickacademy.RestApiTest@aa5eb0]" name="personal6" duration-ms="0" started-at="2019-08-16T13:05:37Z" finished-at="2019-08-16T13:05:37Z">
          <reporter-output>
          </reporter-output>
        </test-method> <!-- personal6 -->
      </class> <!-- qaclickacademy.RestApiTest -->
    </test> <!-- Test -->
  </suite> <!-- Suite -->
</testng-results>
